2022-10-21 19:51:15.040  INFO 36052 --- [restartedMain] com.mcj.music.MusicApplication           : Starting MusicApplication using Java 1.8.0_131 on mcj with PID 36052 (D:\Software\work\IDEA\IdeaProject\WebDemo\music\target\classes started by 20376 in D:\Software\work\IDEA\IdeaProject\WebDemo\music)
2022-10-21 19:51:15.040  INFO 36052 --- [restartedMain] com.mcj.music.MusicApplication           : No active profile set, falling back to 1 default profile: "default"
2022-10-21 19:51:15.061  INFO 36052 --- [restartedMain] .e.DevToolsPropertyDefaultsPostProcessor : Devtools property defaults active! Set 'spring.devtools.add-properties' to 'false' to disable
2022-10-21 19:51:15.062  INFO 36052 --- [restartedMain] .e.DevToolsPropertyDefaultsPostProcessor : For additional web related logging consider setting the 'logging.level.web' property to 'DEBUG'
2022-10-21 19:51:15.726  INFO 36052 --- [restartedMain] o.s.b.w.embedded.tomcat.TomcatWebServer  : Tomcat initialized with port(s): 8888 (http)
2022-10-21 19:51:15.731  INFO 36052 --- [restartedMain] o.apache.catalina.core.StandardService   : Starting service [Tomcat]
2022-10-21 19:51:15.731  INFO 36052 --- [restartedMain] org.apache.catalina.core.StandardEngine  : Starting Servlet engine: [Apache Tomcat/9.0.65]
2022-10-21 19:51:15.768  INFO 36052 --- [restartedMain] o.a.c.c.C.[Tomcat].[localhost].[/]       : Initializing Spring embedded WebApplicationContext
2022-10-21 19:51:15.768  INFO 36052 --- [restartedMain] w.s.c.ServletWebServerApplicationContext : Root WebApplicationContext: initialization completed in 702 ms
2022-10-21 19:51:16.210  INFO 36052 --- [restartedMain] o.s.b.d.a.OptionalLiveReloadServer       : LiveReload server is running on port 35729
2022-10-21 19:51:16.285  INFO 36052 --- [restartedMain] o.s.b.w.embedded.tomcat.TomcatWebServer  : Tomcat started on port(s): 8888 (http) with context path ''
2022-10-21 19:51:16.401  WARN 36052 --- [restartedMain] d.s.r.o.OperationImplicitParameterReader : Unable to interpret the implicit parameter configuration with dataType: , dataTypeClass: class java.lang.Void
2022-10-21 19:51:16.402  WARN 36052 --- [restartedMain] d.s.r.o.OperationImplicitParameterReader : Unable to interpret the implicit parameter configuration with dataType: , dataTypeClass: class java.lang.Void
2022-10-21 19:51:16.420  WARN 36052 --- [restartedMain] d.s.r.o.OperationImplicitParameterReader : Unable to interpret the implicit parameter configuration with dataType: , dataTypeClass: class java.lang.Void
2022-10-21 19:51:16.421  WARN 36052 --- [restartedMain] d.s.r.o.OperationImplicitParameterReader : Unable to interpret the implicit parameter configuration with dataType: , dataTypeClass: class java.lang.Void
2022-10-21 19:51:16.427  WARN 36052 --- [restartedMain] d.s.r.o.OperationImplicitParameterReader : Unable to interpret the implicit parameter configuration with dataType: , dataTypeClass: class java.lang.Void
2022-10-21 19:51:16.428  WARN 36052 --- [restartedMain] d.s.r.o.OperationImplicitParameterReader : Unable to interpret the implicit parameter configuration with dataType: , dataTypeClass: class java.lang.Void
2022-10-21 19:51:16.429  WARN 36052 --- [restartedMain] d.s.r.o.OperationImplicitParameterReader : Unable to interpret the implicit parameter configuration with dataType: , dataTypeClass: class java.lang.Void
2022-10-21 19:51:16.430  WARN 36052 --- [restartedMain] d.s.r.o.OperationImplicitParameterReader : Unable to interpret the implicit parameter configuration with dataType: , dataTypeClass: class java.lang.Void
2022-10-21 19:51:16.438  WARN 36052 --- [restartedMain] d.s.r.o.OperationImplicitParameterReader : Unable to interpret the implicit parameter configuration with dataType: , dataTypeClass: class java.lang.Void
2022-10-21 19:51:16.438  WARN 36052 --- [restartedMain] d.s.r.o.OperationImplicitParameterReader : Unable to interpret the implicit parameter configuration with dataType: , dataTypeClass: class java.lang.Void
2022-10-21 19:51:16.447  INFO 36052 --- [restartedMain] com.mcj.music.MusicApplication           : Started MusicApplication in 1.585 seconds (JVM running for 2.188)
